<?xml version="1.0" encoding="UTF-8"?>
<testsuite name="com.agri.costtracker.data.repository.AgriRepositoryTest" tests="5" skipped="0" failures="0" errors="0" timestamp="2026-08-23T11:14:06.460Z" hostname="DESKTOP-JHJO2V4" time="0.01">
  <properties/>
  <testcase name="getRecordsByStatus_filtersCorrectly" classname="com.agri.costtracker.data.repository.AgriRepositoryTest" time="0.002"/>
  <testcase name="updateProfile_and_profileFlow_emitsUpdatedProfile" classname="com.agri.costtracker.data.repository.AgriRepositoryTest" time="0.001"/>
  <testcase name="getRecordsBySeason_filtersCorrectly" classname="com.agri.costtracker.data.repository.AgriRepositoryTest" time="0.002"/>
  <testcase name="addRecord_and_deleteRecord_updatesAllRecordsFlow" classname="com.agri.costtracker.data.repository.AgriRepositoryTest" time="0.003"/>
  <testcase name="updateRates_and_ratesFlow_emitsUpdatedRates" classname="com.agri.costtracker.data.repository.AgriRepositoryTest" time="0.001"/>
  <system-out><![CDATA[]]></system-out>
  <system-err><![CDATA[]]></system-err>
</testsuite>
